# JRE version: Java(TM) SE Runtime Environment (17.0.8+9) (build 17.0.8+9-LTS-211)
# Java VM: Java HotSpot(TM) 64-Bit Server VM (17.0.8+9-LTS-211, mixed mode, sharing, tiered, compressed oops, compressed class ptrs, g1 gc, windows-amd64)
GC Precious Log:
 CPUs: 16 total, 16 available
 Memory: 16196M
 Large Page Support: Disabled
 NUMA Support: Disabled
 Compressed Oops: Enabled (Zero based)
 Heap Region Size: 2M
 Heap Min Capacity: 8M
 Heap Initial Capacity: 254M
 Heap Max Capacity: 3G
 Pre-touch: Disabled
 Parallel Workers: 13
 Concurrent Workers: 3
 Concurrent Refinement Workers: 13
 Periodic GC: Disabled
Heap:
 garbage-first heap   total 808960K, used 271936K [0x0000000740000000, 0x0000000800000000)
  region size 2048K, 3 young (6144K), 3 survivors (6144K)
 Metaspace       used 69835K, committed 70528K, reserved 1114112K
  class space    used 9757K, committed 10112K, reserved 1048576K
GC Heap History (20 events):
Event: 34.589 GC heap after
{Heap after GC invocations=49 (full 0):
 garbage-first heap   total 282624K, used 195989K [0x0000000740000000, 0x0000000800000000)
  region size 2048K, 3 young (6144K), 3 survivors (6144K)
 Metaspace       used 69636K, committed 70336K, reserved 1114112K
  class space    used 9738K, committed 10112K, reserved 1048576K
}
Event: 34.670 GC heap before
{Heap before GC invocations=49 (full 0):
 garbage-first heap   total 282624K, used 224661K [0x0000000740000000, 0x0000000800000000)
  region size 2048K, 14 young (28672K), 3 survivors (6144K)
 Metaspace       used 69641K, committed 70400K, reserved 1114112K
  class space    used 9738K, committed 10112K, reserved 1048576K
}
Event: 34.677 GC heap after
{Heap after GC invocations=50 (full 0):
 garbage-first heap   total 282624K, used 214561K [0x0000000740000000, 0x0000000800000000)
  region size 2048K, 2 young (4096K), 2 survivors (4096K)
 Metaspace       used 69641K, committed 70400K, reserved 1114112K
  class space    used 9738K, committed 10112K, reserved 1048576K
}
Event: 34.719 GC heap before
{Heap before GC invocations=50 (full 0):
 garbage-first heap   total 356352K, used 222753K [0x0000000740000000, 0x0000000800000000)
  region size 2048K, 9 young (18432K), 2 survivors (4096K)
 Metaspace       used 69641K, committed 70400K, reserved 1114112K
  class space    used 9738K, committed 10112K, reserved 1048576K
}
Event: 34.721 GC heap after
{Heap after GC invocations=51 (full 0):
 garbage-first heap   total 356352K, used 214255K [0x0000000740000000, 0x0000000800000000)
  region size 2048K, 2 young (4096K), 2 survivors (4096K)
 Metaspace       used 69641K, committed 70400K, reserved 1114112K
  class space    used 9738K, committed 10112K, reserved 1048576K
}
Event: 34.784 GC heap before
{Heap before GC invocations=52 (full 0):
 garbage-first heap   total 356352K, used 257263K [0x0000000740000000, 0x0000000800000000)
  region size 2048K, 23 young (47104K), 2 survivors (4096K)
 Metaspace       used 69641K, committed 70400K, reserved 1114112K
  class space    used 9738K, committed 10112K, reserved 1048576K
}
Event: 34.788 GC heap after
{Heap after GC invocations=53 (full 0):
 garbage-first heap   total 356352K, used 223574K [0x0000000740000000, 0x0000000800000000)
  region size 2048K, 3 young (6144K), 3 survivors (6144K)
 Metaspace       used 69641K, committed 70400K, reserved 1114112K
  class space    used 9738K, committed 10112K, reserved 1048576K
}
Event: 34.798 GC heap before
{Heap before GC invocations=53 (full 0):
 garbage-first heap   total 356352K, used 233814K [0x0000000740000000, 0x0000000800000000)
  region size 2048K, 8 young (16384K), 3 survivors (6144K)
 Metaspace       used 69641K, committed 70400K, reserved 1114112K
  class space    used 9738K, committed 10112K, reserved 1048576K
}
Event: 34.802 GC heap after
{Heap after GC invocations=54 (full 0):
 garbage-first heap   total 808960K, used 224497K [0x0000000740000000, 0x0000000800000000)
  region size 2048K, 1 young (2048K), 1 survivors (2048K)
 Metaspace       used 69641K, committed 70400K, reserved 1114112K
  class space    used 9738K, committed 10112K, reserved 1048576K
}
Event: 35.072 GC heap before
{Heap before GC invocations=54 (full 0):
 garbage-first heap   total 808960K, used 472305K [0x0000000740000000, 0x0000000800000000)
  region size 2048K, 122 young (249856K), 1 survivors (2048K)
 Metaspace       used 69669K, committed 70400K, reserved 1114112K
  class space    used 9741K, committed 10112K, reserved 1048576K
}
Event: 35.097 GC heap after
{Heap after GC invocations=55 (full 0):
 garbage-first heap   total 808960K, used 297155K [0x0000000740000000, 0x0000000800000000)
  region size 2048K, 16 young (32768K), 16 survivors (32768K)
 Metaspace       used 69669K, committed 70400K, reserved 1114112K
  class space    used 9741K, committed 10112K, reserved 1048576K
}
Event: 35.525 GC heap before
{Heap before GC invocations=55 (full 0):
 garbage-first heap   total 808960K, used 510147K [0x0000000740000000, 0x0000000800000000)
  region size 2048K, 120 young (245760K), 16 survivors (32768K)
 Metaspace       used 69775K, committed 70464K, reserved 1114112K
  class space    used 9756K, committed 10112K, reserved 1048576K
}
Event: 35.542 GC heap after
{Heap after GC invocations=56 (full 0):
 garbage-first heap   total 808960K, used 339922K [0x0000000740000000, 0x0000000800000000)
  region size 2048K, 15 young (30720K), 15 survivors (30720K)
 Metaspace       used 69775K, committed 70464K, reserved 1114112K
  class space    used 9756K, committed 10112K, reserved 1048576K
}
Event: 35.686 GC heap before
{Heap before GC invocations=56 (full 0):
 garbage-first heap   total 808960K, used 384978K [0x0000000740000000, 0x0000000800000000)
  region size 2048K, 38 young (77824K), 15 survivors (30720K)
 Metaspace       used 69826K, committed 70528K, reserved 1114112K
  class space    used 9757K, committed 10112K, reserved 1048576K
}
Event: 35.692 GC heap after
{Heap after GC invocations=57 (full 0):
 garbage-first heap   total 808960K, used 343215K [0x0000000740000000, 0x0000000800000000)
  region size 2048K, 2 young (4096K), 2 survivors (4096K)
 Metaspace       used 69826K, committed 70528K, reserved 1114112K
  class space    used 9757K, committed 10112K, reserved 1048576K
}
Event: 35.951 GC heap before
{Heap before GC invocations=58 (full 0):
 garbage-first heap   total 808960K, used 580783K [0x0000000740000000, 0x0000000800000000)
  region size 2048K, 118 young (241664K), 2 survivors (4096K)
 Metaspace       used 69828K, committed 70528K, reserved 1114112K
  class space    used 9757K, committed 10112K, reserved 1048576K
}
Event: 35.974 GC heap after
{Heap after GC invocations=59 (full 0):
 garbage-first heap   total 808960K, used 395719K [0x0000000740000000, 0x0000000800000000)
  region size 2048K, 15 young (30720K), 15 survivors (30720K)
 Metaspace       used 69828K, committed 70528K, reserved 1114112K
  class space    used 9757K, committed 10112K, reserved 1048576K
}
Event: 35.994 GC heap before
{Heap before GC invocations=59 (full 0):
 garbage-first heap   total 808960K, used 403911K [0x0000000740000000, 0x0000000800000000)
  region size 2048K, 19 young (38912K), 15 survivors (30720K)
 Metaspace       used 69828K, committed 70528K, reserved 1114112K
  class space    used 9757K, committed 10112K, reserved 1048576K
}
Event: 36.007 GC heap after
{Heap after GC invocations=60 (full 0):
 garbage-first heap   total 808960K, used 326875K [0x0000000740000000, 0x0000000800000000)
  region size 2048K, 3 young (6144K), 3 survivors (6144K)
 Metaspace       used 69828K, committed 70528K, reserved 1114112K
  class space    used 9757K, committed 10112K, reserved 1048576K
}
Event: 36.040 GC heap before
{Heap before GC invocations=60 (full 0):
 garbage-first heap   total 808960K, used 359643K [0x0000000740000000, 0x0000000800000000)
  region size 2048K, 19 young (38912K), 3 survivors (6144K)
 Metaspace       used 69835K, committed 70528K, reserved 1114112K
  class space    used 9757K, committed 10112K, reserved 1048576K
}

